[2023-04-25 10:24:08,510] http-nio-8086-exec-1 com.ankit.log.controller.MyController 21 DEBUG - Loading index page
[2023-04-25 10:25:10,486] http-nio-8086-exec-2 com.ankit.log.controller.MyController 21 DEBUG - Loading index page
[2023-04-25 10:32:10,259] http-nio-8086-exec-1 com.ankit.log.controller.MyController 21 DEBUG - Loading index page
[2023-04-25 10:35:35,456] http-nio-8086-exec-2 com.ankit.log.controller.MyController 21 DEBUG - Loading index page
[2023-04-25 10:35:35,458] http-nio-8086-exec-2 com.ankit.log.controller.MyController 22 INFO  - Info level mesage
[2023-04-25 10:35:35,459] http-nio-8086-exec-2 com.ankit.log.controller.MyController 23 WARN  - Warn level message
[2023-04-25 10:35:35,460] http-nio-8086-exec-2 com.ankit.log.controller.MyController 24 ERROR - Error level message
[2023-04-25 10:35:35,460] http-nio-8086-exec-2 com.ankit.log.controller.MyController 25 FATAL - Fatal level message
[2023-04-25 10:36:54,950] http-nio-8086-exec-2 com.ankit.log.controller.MyController 21 DEBUG - Loading index page
[2023-04-25 10:36:54,953] http-nio-8086-exec-2 com.ankit.log.controller.MyController 22 INFO  - Info level mesage
[2023-04-25 10:36:54,953] http-nio-8086-exec-2 com.ankit.log.controller.MyController 23 WARN  - Warn level message
[2023-04-25 10:36:54,954] http-nio-8086-exec-2 com.ankit.log.controller.MyController 24 ERROR - Error level message
[2023-04-25 10:36:54,954] http-nio-8086-exec-2 com.ankit.log.controller.MyController 25 FATAL - Fatal level message
[2023-04-25 10:40:20,371] http-nio-8086-exec-3 com.ankit.log.controller.MyController 21 DEBUG - Loading index page
[2023-04-25 10:40:20,373] http-nio-8086-exec-3 com.ankit.log.controller.MyController 22 INFO  - Info level mesage
[2023-04-25 10:40:20,374] http-nio-8086-exec-3 com.ankit.log.controller.MyController 23 WARN  - Warn level message
[2023-04-25 10:40:20,374] http-nio-8086-exec-3 com.ankit.log.controller.MyController 24 ERROR - Error level message
[2023-04-25 10:40:20,375] http-nio-8086-exec-3 com.ankit.log.controller.MyController 25 FATAL - Fatal level message
[2023-04-25 10:40:20,375] http-nio-8086-exec-3 com.ankit.log.controller.MyController 27 DEBUG - Exit of index().
[2023-04-25 10:40:43,651] http-nio-8086-exec-2 com.ankit.log.controller.MyController 20 DEBUG - Loading index page
[2023-04-25 10:40:43,657] http-nio-8086-exec-2 com.ankit.log.controller.MyController 21 INFO  - Info level mesage
[2023-04-25 10:40:43,657] http-nio-8086-exec-2 com.ankit.log.controller.MyController 22 WARN  - Warn level message
[2023-04-25 10:40:43,658] http-nio-8086-exec-2 com.ankit.log.controller.MyController 23 ERROR - Error level message
[2023-04-25 10:40:43,666] http-nio-8086-exec-2 com.ankit.log.controller.MyController 24 FATAL - Fatal level message
[2023-04-25 10:40:43,666] http-nio-8086-exec-2 com.ankit.log.controller.MyController 26 DEBUG - Exit of index().
[2023-04-25 10:41:06,668] http-nio-8086-exec-1 com.ankit.log.controller.MyController 20 DEBUG - Loading index page
[2023-04-25 10:41:06,672] http-nio-8086-exec-1 com.ankit.log.controller.MyController 21 INFO  - Info level mesage
[2023-04-25 10:41:06,672] http-nio-8086-exec-1 com.ankit.log.controller.MyController 22 WARN  - Warn level message
[2023-04-25 10:41:06,673] http-nio-8086-exec-1 com.ankit.log.controller.MyController 23 ERROR - Error level message
[2023-04-25 10:41:06,673] http-nio-8086-exec-1 com.ankit.log.controller.MyController 24 FATAL - Fatal level message
[2023-04-25 10:41:06,674] http-nio-8086-exec-1 com.ankit.log.controller.MyController 26 DEBUG - Exit of index().
[2023-04-25 10:42:33,499] http-nio-8086-exec-1 com.ankit.log.controller.MyController 20 DEBUG - Loading index page
[2023-04-25 10:42:33,502] http-nio-8086-exec-1 com.ankit.log.controller.MyController 21 INFO  - Info level mesage
[2023-04-25 10:42:33,503] http-nio-8086-exec-1 com.ankit.log.controller.MyController 22 WARN  - Warn level message
[2023-04-25 10:42:33,504] http-nio-8086-exec-1 com.ankit.log.controller.MyController 23 ERROR - Error level message
[2023-04-25 10:42:33,505] http-nio-8086-exec-1 com.ankit.log.controller.MyController 24 FATAL - Fatal level message
[2023-04-25 10:42:33,506] http-nio-8086-exec-1 com.ankit.log.controller.MyController 26 DEBUG - Exit of index().
[2023-04-25 10:46:04,354] http-nio-8086-exec-2 com.ankit.log.controller.MyController 20 DEBUG - Loading index page
[2023-04-25 10:46:04,358] http-nio-8086-exec-2 com.ankit.log.controller.MyController 21 INFO  - Info level mesage
[2023-04-25 10:46:04,358] http-nio-8086-exec-2 com.ankit.log.controller.MyController 22 WARN  - Warn level message
[2023-04-25 10:46:04,359] http-nio-8086-exec-2 com.ankit.log.controller.MyController 23 ERROR - Error level message
[2023-04-25 10:46:04,360] http-nio-8086-exec-2 com.ankit.log.controller.MyController 24 FATAL - Fatal level message
[2023-04-25 10:46:04,362] http-nio-8086-exec-2 com.ankit.log.controller.MyController 26 DEBUG - Exit of index().
[2023-04-25 10:46:44,879] http-nio-8086-exec-1 com.ankit.log.controller.MyController 20 DEBUG - Loading index page
[2023-04-25 10:46:44,883] http-nio-8086-exec-1 com.ankit.log.controller.MyController 21 INFO  - Info level mesage
[2023-04-25 10:46:44,884] http-nio-8086-exec-1 com.ankit.log.controller.MyController 22 WARN  - Warn level message
[2023-04-25 10:46:44,887] http-nio-8086-exec-1 com.ankit.log.controller.MyController 23 ERROR - Error level message
[2023-04-25 10:46:44,887] http-nio-8086-exec-1 com.ankit.log.controller.MyController 24 FATAL - Fatal level message
[2023-04-25 10:46:44,888] http-nio-8086-exec-1 com.ankit.log.controller.MyController 26 DEBUG - Exit of index().
[2023-04-25 10:50:23,959] http-nio-8086-exec-2 com.ankit.log.controller.MyController 21 DEBUG - Loading index page
[2023-04-25 10:50:23,963] http-nio-8086-exec-2 com.ankit.log.controller.MyController 22 INFO  - Info level mesage
[2023-04-25 10:50:23,963] http-nio-8086-exec-2 com.ankit.log.controller.MyController 23 WARN  - Warn level message
[2023-04-25 10:50:23,964] http-nio-8086-exec-2 com.ankit.log.controller.MyController 24 ERROR - Error level message
[2023-04-25 10:50:23,965] http-nio-8086-exec-2 com.ankit.log.controller.MyController 25 FATAL - Fatal level message
[2023-04-25 10:50:23,966] http-nio-8086-exec-2 com.ankit.log.controller.MyController 27 DEBUG - Exit of index().
[2023-04-25 10:51:39,400] http-nio-8086-exec-2 com.ankit.log.controller.MyController 22 DEBUG - Loading index page
[2023-04-25 10:51:39,403] http-nio-8086-exec-2 com.ankit.log.controller.MyController 23 INFO  - Info level mesage
[2023-04-25 10:51:39,404] http-nio-8086-exec-2 com.ankit.log.controller.MyController 24 WARN  - Warn level message
[2023-04-25 10:51:39,405] http-nio-8086-exec-2 com.ankit.log.controller.MyController 25 ERROR - Error level message
[2023-04-25 10:51:39,405] http-nio-8086-exec-2 com.ankit.log.controller.MyController 26 FATAL - Fatal level message
[2023-04-25 10:51:39,405] http-nio-8086-exec-2 com.ankit.log.controller.MyController 28 DEBUG - Exit of index().
[2023-04-25 11:00:02,476] http-nio-8086-exec-2 com.ankit.log.controller.MyController 22 DEBUG - Loading index page
[2023-04-25 11:00:02,479] http-nio-8086-exec-2 com.ankit.log.controller.MyController 23 INFO  - Info level mesage
[2023-04-25 11:00:02,479] http-nio-8086-exec-2 com.ankit.log.controller.MyController 24 WARN  - Warn level message
[2023-04-25 11:00:02,480] http-nio-8086-exec-2 com.ankit.log.controller.MyController 25 ERROR - Error level message
[2023-04-25 11:00:02,480] http-nio-8086-exec-2 com.ankit.log.controller.MyController 26 FATAL - Fatal level message
[2023-04-25 11:00:02,481] http-nio-8086-exec-2 com.ankit.log.controller.MyController 28 DEBUG - Exit of index().
[2023-04-25 11:08:04,188] http-nio-8086-exec-2 com.ankit.log.controller.MyController 24 DEBUG  - Loading index page
[2023-04-25 11:08:04,192] http-nio-8086-exec-2 com.ankit.log.controller.MyController 25 INFO   - Info level mesage
[2023-04-25 11:08:04,192] http-nio-8086-exec-2 com.ankit.log.controller.MyController 26 WARN   - Warn level message
[2023-04-25 11:08:04,193] http-nio-8086-exec-2 com.ankit.log.controller.MyController 27 ERROR  - Error level message
[2023-04-25 11:08:04,194] http-nio-8086-exec-2 com.ankit.log.controller.MyController 28 FATAL  - Fatal level message
[2023-04-25 11:08:04,194] http-nio-8086-exec-2 com.ankit.log.controller.MyController 30 DEBUG  - Exit of index().
[2023-04-25 11:08:56,974] http-nio-8086-exec-1 com.ankit.log.controller.MyController 24 DEBUG  - Loading index page
[2023-04-25 11:08:56,977] http-nio-8086-exec-1 com.ankit.log.controller.MyController 25 INFO   - Info level mesage
[2023-04-25 11:08:56,977] http-nio-8086-exec-1 com.ankit.log.controller.MyController 26 WARN   - Warn level message
[2023-04-25 11:08:56,978] http-nio-8086-exec-1 com.ankit.log.controller.MyController 27 ERROR  - Error level message
[2023-04-25 11:08:56,978] http-nio-8086-exec-1 com.ankit.log.controller.MyController 28 FATAL  - Fatal level message
[2023-04-25 11:08:56,979] http-nio-8086-exec-1 com.ankit.log.controller.MyController 30 DEBUG  - Exit of index().
[2023-04-25 11:13:15,051] http-nio-8086-exec-1 com.ankit.log.controller.MyController 24 DEBUG  - Loading index page
[2023-04-25 11:13:15,054] http-nio-8086-exec-1 com.ankit.log.controller.MyController 25 INFO   - Info level mesage
[2023-04-25 11:13:15,054] http-nio-8086-exec-1 com.ankit.log.controller.MyController 26 WARN   - Warn level message
[2023-04-25 11:13:15,055] http-nio-8086-exec-1 com.ankit.log.controller.MyController 27 ERROR  - Error level message
[2023-04-25 11:13:15,055] http-nio-8086-exec-1 com.ankit.log.controller.MyController 28 FATAL  - Fatal level message
[2023-04-25 11:13:15,056] http-nio-8086-exec-1 com.ankit.log.controller.MyController 30 DEBUG  - Exit of index().
[2023-04-25 11:18:26,057] http-nio-8086-exec-2 com.ankit.log.controller.MyController 24 DEBUG  - Loading index page
[2023-04-25 11:18:26,061] http-nio-8086-exec-2 com.ankit.log.controller.MyController 25 INFO   - Info level mesage
[2023-04-25 11:18:26,066] http-nio-8086-exec-2 com.ankit.log.controller.MyController 26 WARN   - Warn level message
[2023-04-25 11:18:26,067] http-nio-8086-exec-2 com.ankit.log.controller.MyController 27 ERROR  - Error level message
[2023-04-25 11:18:26,068] http-nio-8086-exec-2 com.ankit.log.controller.MyController 28 FATAL  - Fatal level message
[2023-04-25 11:18:26,068] http-nio-8086-exec-2 com.ankit.log.controller.MyController 30 DEBUG  - Exit of index().
Loading index page
Info level mesage
Warn level message
Error level message
Fatal level message
Exit of index().
[2023-04-25 11:20:49,871] http-nio-8086-exec-3 com.ankit.log.controller.MyController 24 DEBUG  - Loading index page
[2023-04-25 11:20:49,874] http-nio-8086-exec-3 com.ankit.log.controller.MyController 25 INFO   - Info level mesage
[2023-04-25 11:20:49,874] http-nio-8086-exec-3 com.ankit.log.controller.MyController 26 WARN   - Warn level message
[2023-04-25 11:20:49,875] http-nio-8086-exec-3 com.ankit.log.controller.MyController 27 ERROR  - Error level message
[2023-04-25 11:20:49,876] http-nio-8086-exec-3 com.ankit.log.controller.MyController 28 FATAL  - Fatal level message
[2023-04-25 11:20:49,876] http-nio-8086-exec-3 com.ankit.log.controller.MyController 30 DEBUG  - Exit of index().
[2023-04-25 11:21:19,910] http-nio-8086-exec-2 com.ankit.log.controller.MyController 24 DEBUG  - Loading index page
[2023-04-25 11:21:19,915] http-nio-8086-exec-2 com.ankit.log.controller.MyController 25 INFO   - Info level mesage
[2023-04-25 11:21:19,920] http-nio-8086-exec-2 com.ankit.log.controller.MyController 26 WARN   - Warn level message
[2023-04-25 11:21:19,922] http-nio-8086-exec-2 com.ankit.log.controller.MyController 27 ERROR  - Error level message
[2023-04-25 11:21:19,922] http-nio-8086-exec-2 com.ankit.log.controller.MyController 28 FATAL  - Fatal level message
[2023-04-25 11:21:19,923] http-nio-8086-exec-2 com.ankit.log.controller.MyController 30 DEBUG  - Exit of index().
